2025-03-16 01:09:06,052 - MonitorPal - INFO - Config loaded successfully from C:\Users\Gabe\PycharmProjects\MonitorPal\config.json
2025-03-16 01:09:06,054 - MonitorPal - INFO - Cold Turkey Blocker found at: C:/Program Files/Cold Turkey/Cold Turkey Blocker.exe
2025-03-16 01:09:25,254 - MonitorPal - INFO - Config saved successfully to C:\Users\Gabe\PycharmProjects\MonitorPal\config.json
2025-03-16 01:09:25,254 - MonitorPal - INFO - Cold Turkey Blocker path set to: C:/Program Files/Cold Turkey/Cold Turkey Blocker.exe
2025-03-16 01:09:34,112 - MonitorPal - INFO - Verifying block 'Quantower' for platform 'Quantower'...
2025-03-16 01:09:34,115 - MonitorPal - DEBUG - Starting task 'verify_block'
2025-03-16 01:09:34,116 - MonitorPal - DEBUG - Task 'verify_block' started successfully
2025-03-16 01:09:34,119 - MonitorPal - DEBUG - Worker for task 'verify_block' starting execution
2025-03-16 01:09:34,119 - MonitorPal - INFO - Verifying block 'Quantower' for platform 'Quantower'
2025-03-16 01:09:36,126 - MonitorPal - DEBUG - Triggering block 'Quantower'
2025-03-16 01:09:37,850 - MonitorPal - ERROR - Block verification failed. Please check that the block name matches exactly.
2025-03-16 01:14:11,447 - MonitorPal - INFO - Verifying block 'Quantower' for platform 'Quantower'...
2025-03-16 01:14:11,450 - MonitorPal - WARNING - Task 'verify_block' is already running
2025-03-16 01:14:11,450 - MonitorPal - ERROR - Failed to start verification: Unknown Error: Task 'verify_block' is already running
2025-03-16 01:18:31,829 - MonitorPal - INFO - Config loaded successfully from C:\Users\Gabe\PycharmProjects\MonitorPal\config.json
2025-03-16 01:18:31,830 - MonitorPal - INFO - Cold Turkey Blocker found at: C:/Program Files/Cold Turkey/Cold Turkey Blocker.exe
2025-03-16 01:18:37,398 - MonitorPal - INFO - Verifying block 'Quantower' for platform 'Quantower'...
2025-03-16 01:18:37,399 - MonitorPal - DEBUG - Starting task 'verify_block'
2025-03-16 01:18:37,400 - MonitorPal - DEBUG - Task 'verify_block' started successfully
2025-03-16 01:18:37,401 - MonitorPal - DEBUG - Worker for task 'verify_block' starting execution
2025-03-16 01:18:37,401 - MonitorPal - INFO - Verifying block 'Quantower' for platform 'Quantower'
2025-03-16 01:18:39,407 - MonitorPal - DEBUG - Triggering block 'Quantower'
2025-03-16 01:18:41,034 - MonitorPal - ERROR - Block verification failed. Please check that the block name matches exactly.
2025-03-16 01:18:46,817 - MonitorPal - INFO - Verifying block 'Quantower' for platform 'Quantower'...
2025-03-16 01:18:46,818 - MonitorPal - WARNING - Task 'verify_block' is already running
2025-03-16 01:18:46,819 - MonitorPal - ERROR - Failed to start verification: Unknown Error: Task 'verify_block' is already running
2025-03-16 01:19:28,784 - MonitorPal - INFO - Config loaded successfully from C:\Users\Gabe\PycharmProjects\MonitorPal\config.json
2025-03-16 01:19:28,786 - MonitorPal - INFO - Cold Turkey Blocker found at: C:/Program Files/Cold Turkey/Cold Turkey Blocker.exe
2025-03-16 01:19:35,170 - MonitorPal - INFO - Verifying block 'Quantower' for platform 'Quantower'...
2025-03-16 01:19:35,171 - MonitorPal - DEBUG - Starting task 'verify_block'
2025-03-16 01:19:35,172 - MonitorPal - DEBUG - Task 'verify_block' started successfully
2025-03-16 01:19:35,173 - MonitorPal - DEBUG - Worker for task 'verify_block' starting execution
2025-03-16 01:19:35,173 - MonitorPal - INFO - Verifying block 'Quantower' for platform 'Quantower'
2025-03-16 01:19:37,181 - MonitorPal - DEBUG - Triggering block 'Quantower'
2025-03-16 01:19:39,255 - MonitorPal - ERROR - Block verification failed. Please check that the block name matches exactly.
2025-03-16 01:19:51,447 - MonitorPal - DEBUG - Cancelling task 'verify_block'
2025-03-16 01:19:51,447 - MonitorPal - DEBUG - Task 'verify_block' cancelled successfully
2025-03-16 01:26:59,982 - MonitorPal - INFO - Config loaded successfully from C:\Users\Gabe\PycharmProjects\MonitorPal\config.json
2025-03-16 01:26:59,986 - MonitorPal - INFO - Cold Turkey Blocker found at: C:/Program Files/Cold Turkey/Cold Turkey Blocker.exe
2025-03-16 01:27:06,867 - MonitorPal - INFO - Verifying block 'Quantower' for platform 'Quantower'...
2025-03-16 01:27:06,868 - MonitorPal - DEBUG - Starting task 'verify_block'
2025-03-16 01:27:06,870 - MonitorPal - DEBUG - Task 'verify_block' started successfully
2025-03-16 01:27:06,876 - MonitorPal - DEBUG - Worker for task 'verify_block' starting execution
2025-03-16 01:27:06,876 - MonitorPal - INFO - Verifying block 'Quantower' for platform 'Quantower'
2025-03-16 01:27:08,894 - MonitorPal - DEBUG - Triggering block 'Quantower'
2025-03-16 01:27:10,979 - MonitorPal - INFO - Found Cold Turkey window: 210964268
2025-03-16 01:27:10,980 - MonitorPal - ERROR - Error during verification process: module 'win32gui' has no attribute 'SW_RESTORE'
2025-03-16 01:27:10,980 - MonitorPal - ERROR - Block verification failed. Please check that the block name matches exactly.
2025-03-16 01:37:13,836 - MonitorPal - INFO - Config loaded successfully from C:\Users\Gabe\PycharmProjects\MonitorPal\config.json
2025-03-16 01:37:13,837 - MonitorPal - INFO - Cold Turkey Blocker found at: C:/Program Files/Cold Turkey/Cold Turkey Blocker.exe
2025-03-16 01:37:20,561 - MonitorPal - INFO - Verifying block 'Quantower' for platform 'Quantower'...
2025-03-16 01:37:20,562 - MonitorPal - DEBUG - Starting task 'verify_block'
2025-03-16 01:37:20,563 - MonitorPal - DEBUG - Task 'verify_block' started successfully
2025-03-16 01:37:20,570 - MonitorPal - DEBUG - Worker for task 'verify_block' starting execution
2025-03-16 01:37:20,571 - MonitorPal - INFO - Verifying block 'Quantower' for platform 'Quantower'
2025-03-16 01:37:22,577 - MonitorPal - DEBUG - Triggering block 'Quantower'
2025-03-16 01:37:24,226 - MonitorPal - INFO - Found Cold Turkey window: 210964268
2025-03-16 01:37:24,227 - MonitorPal - ERROR - Error during verification process: module 'win32gui' has no attribute 'SW_RESTORE'
2025-03-16 01:37:24,227 - MonitorPal - ERROR - Block verification failed. Please check that the block name matches exactly.
2025-03-16 01:41:39,321 - MonitorPal - INFO - Config loaded successfully from C:\Users\Gabe\PycharmProjects\MonitorPal\config.json
2025-03-16 01:41:39,323 - MonitorPal - INFO - Cold Turkey Blocker found at: C:/Program Files/Cold Turkey/Cold Turkey Blocker.exe
2025-03-16 01:41:44,655 - MonitorPal - INFO - Verifying block 'Quantower' for platform 'Quantower'...
2025-03-16 01:41:44,656 - MonitorPal - DEBUG - Starting task 'verify_block'
2025-03-16 01:41:44,657 - MonitorPal - DEBUG - Task 'verify_block' started successfully
2025-03-16 01:41:44,657 - MonitorPal - DEBUG - Worker for task 'verify_block' starting execution
2025-03-16 01:41:44,658 - MonitorPal - INFO - Verifying block 'Quantower' for platform 'Quantower'
2025-03-16 01:41:46,665 - MonitorPal - DEBUG - Triggering block 'Quantower'
2025-03-16 01:41:48,343 - MonitorPal - INFO - Found Cold Turkey window: 210964268
2025-03-16 01:41:50,137 - MonitorPal - DEBUG - Attempting click 1 on Blocks tab
2025-03-16 01:41:50,859 - MonitorPal - INFO - Successfully clicked on the Blocks tab
2025-03-16 01:41:52,549 - MonitorPal - DEBUG - Found potential block row: 'Quantower'
2025-03-16 01:41:52,643 - MonitorPal - DEBUG - Found potential block row: 'Quantower'
2025-03-16 01:41:52,645 - MonitorPal - DEBUG - Checking row text: 'quantower'
2025-03-16 01:41:52,646 - MonitorPal - DEBUG - Checking row text: 'quantower'
2025-03-16 01:41:52,646 - MonitorPal - DEBUG - Trying alternative approach - checking siblings/children...
2025-03-16 01:41:53,437 - MonitorPal - INFO - Found block indicator 'for a few seconds' in sibling
2025-03-16 01:41:53,437 - MonitorPal - INFO - Successfully verified block 'Quantower'
2025-03-16 01:41:53,449 - MonitorPal - INFO - Config saved successfully to C:\Users\Gabe\PycharmProjects\MonitorPal\config.json
2025-03-16 01:41:53,457 - MonitorPal - INFO - Config saved successfully to C:\Users\Gabe\PycharmProjects\MonitorPal\config.json
2025-03-16 01:41:53,458 - MonitorPal - INFO - Added verified block for platform Quantower: Quantower
2025-03-16 01:41:53,459 - MonitorPal - INFO - Block 'Quantower' for 'Quantower' verified successfully!
2025-03-16 01:42:03,704 - MonitorPal - DEBUG - Cancelling task 'verify_block'
2025-03-16 01:42:03,706 - MonitorPal - DEBUG - Task 'verify_block' cancelled successfully
